[
    {
        "time": 12,
        "type": "outbound",
        "participant": 1,
        "match": {
            "ipv4_src": "192.168.1.1",
            "ipv4_dst": "192.168.1.2",
            "tcp_src": 80,
            "tcp_dst": 179,
        },
        "action": {
            "fwd": 5
        }
    },
    {
        "time": 25,
        "type": "inbound",
        "participant": 4,
        "match": {
            "ipv4_src": "192.168.1.1",
            "ipv4_dst": "192.168.1.2",
            "udp_src": 23,
            "udp_dst": 22
        },
        "action": {
            "fwd": 1
        }
    },
    {
        "time": 30,
        "type": "outbound",
        "participant": 4,
        "match": {
            "ipv4_src": "192.168.1.1",
            "ipv4_dst": "192.168.1.2",
            "udp_src": 23,
            "udp_dst": 22
        },
        "action": {
            "fwd": 2
        }
    }
]
